<?xml version="1.0" encoding="UTF-8"?>
<!-- Generated by org.testng.reporters.JUnitReportReporter -->
<testsuite hostname="Pankajs-MBP" failures="0" tests="2" name="TestAutomation.Test3" time="0.008" errors="0" timestamp="2020-07-08T23:09:58 PDT" skipped="0">
  <testcase classname="TestAutomation.Test3" name="testF" time="0.001"/>
  <system-out/>
  <testcase classname="TestAutomation.Test3" name="testE" time="0.007"/>
  <system-out/>
</testsuite> <!-- TestAutomation.Test3 -->
