<?xml version="1.0" encoding="UTF-8"?>
<!-- Generated by org.testng.reporters.JUnitReportReporter -->
<testsuite hostname="Pankajs-MBP" failures="0" tests="2" name="TestAutomation.Test1" time="0.004" errors="0" timestamp="09 Jul 2020 06:46:14 GMT" skipped="0">
  <testcase classname="TestAutomation.Test1" name="testB" time="0.000"/>
  <testcase classname="TestAutomation.Test1" name="testA" time="0.004"/>
</testsuite> <!-- TestAutomation.Test1 -->
