<?xml version="1.0" encoding="UTF-8"?>
<!-- Generated by org.testng.reporters.JUnitReportReporter -->
<testsuite hostname="Pankajs-MBP" failures="0" tests="2" name="TestAutomation.Test3" time="0.001" errors="0" timestamp="09 Jul 2020 06:46:04 GMT" skipped="0">
  <testcase classname="TestAutomation.Test3" name="testE" time="0.001"/>
  <testcase classname="TestAutomation.Test3" name="testF" time="0.000"/>
</testsuite> <!-- TestAutomation.Test3 -->
