<?xml version="1.0" encoding="UTF-8"?>
<!-- Generated by org.testng.reporters.JUnitReportReporter -->
<testsuite hostname="Pankajs-MBP" failures="0" tests="2" name="TestAutomation.Test2" time="0.000" errors="0" timestamp="09 Jul 2020 06:46:14 GMT" skipped="0">
  <testcase classname="TestAutomation.Test2" name="testC" time="0.000"/>
  <testcase classname="TestAutomation.Test2" name="testD" time="0.000"/>
</testsuite> <!-- TestAutomation.Test2 -->
